

***********************************************************************
Fatal NI connect error 12541, connecting to:
 (DESCRIPTION=(CONNECT_DATA=(SERVICE_NAME=)(CID=(PROGRAM=E:\MANSI DOCUMENTS\MANSI MOBILE SHOP SOFTWARE.exe)(HOST=MANISH-PC)(USER=manish)))(ADDRESS=(PROTOCOL=TCP)(HOST=127.0.0.1)(PORT=1521)))

  VERSION INFORMATION:
	TNS for 32-bit Windows: Version 10.2.0.1.0 - Production
	Windows NT TCP/IP NT Protocol Adapter for 32-bit Windows: Version 10.2.0.1.0 - Production
  Time: 04-SEP-2019 10:17:21
  Tracing not turned on.
  Tns error struct:
    ns main err code: 12541
    TNS-12541: TNS:no listener
    ns secondary err code: 12560
    nt main err code: 511
    TNS-00511: No listener
    nt secondary err code: 61
    nt OS err code: 0


***********************************************************************
Fatal NI connect error 12541, connecting to:
 (DESCRIPTION=(CONNECT_DATA=(SERVICE_NAME=)(CID=(PROGRAM=E:\MANSI DOCUMENTS\MANSI MOBILE SHOP SOFTWARE.exe)(HOST=MANISH-PC)(USER=manish)))(ADDRESS=(PROTOCOL=TCP)(HOST=127.0.0.1)(PORT=1521)))

  VERSION INFORMATION:
	TNS for 32-bit Windows: Version 10.2.0.1.0 - Production
	Windows NT TCP/IP NT Protocol Adapter for 32-bit Windows: Version 10.2.0.1.0 - Production
  Time: 04-SEP-2019 10:17:38
  Tracing not turned on.
  Tns error struct:
    ns main err code: 12541
    TNS-12541: TNS:no listener
    ns secondary err code: 12560
    nt main err code: 511
    TNS-00511: No listener
    nt secondary err code: 61
    nt OS err code: 0


***********************************************************************
Fatal NI connect error 12541, connecting to:
 (DESCRIPTION=(CONNECT_DATA=(SERVICE_NAME=)(CID=(PROGRAM=E:\MANSI DOCUMENTS\MANSI MOBILE SHOP SOFTWARE.exe)(HOST=MANISH-PC)(USER=manish)))(ADDRESS=(PROTOCOL=TCP)(HOST=127.0.0.1)(PORT=1521)))

  VERSION INFORMATION:
	TNS for 32-bit Windows: Version 10.2.0.1.0 - Production
	Windows NT TCP/IP NT Protocol Adapter for 32-bit Windows: Version 10.2.0.1.0 - Production
  Time: 04-SEP-2019 10:19:35
  Tracing not turned on.
  Tns error struct:
    ns main err code: 12541
    TNS-12541: TNS:no listener
    ns secondary err code: 12560
    nt main err code: 511
    TNS-00511: No listener
    nt secondary err code: 61
    nt OS err code: 0


***********************************************************************
Fatal NI connect error 12541, connecting to:
 (DESCRIPTION=(CONNECT_DATA=(SERVICE_NAME=)(CID=(PROGRAM=E:\MANSI DOCUMENTS\MANSI MOBILE SHOP SOFTWARE.exe)(HOST=MANISH-PC)(USER=manish)))(ADDRESS=(PROTOCOL=TCP)(HOST=127.0.0.1)(PORT=1521)))

  VERSION INFORMATION:
	TNS for 32-bit Windows: Version 10.2.0.1.0 - Production
	Windows NT TCP/IP NT Protocol Adapter for 32-bit Windows: Version 10.2.0.1.0 - Production
  Time: 04-SEP-2019 10:19:54
  Tracing not turned on.
  Tns error struct:
    ns main err code: 12541
    TNS-12541: TNS:no listener
    ns secondary err code: 12560
    nt main err code: 511
    TNS-00511: No listener
    nt secondary err code: 61
    nt OS err code: 0


***********************************************************************
Fatal NI connect error 12541, connecting to:
 (DESCRIPTION=(CONNECT_DATA=(SERVICE_NAME=)(CID=(PROGRAM=E:\MANSI DOCUMENTS\MANSI MOBILE SHOP SOFTWARE.exe)(HOST=MANISH-PC)(USER=manish)))(ADDRESS=(PROTOCOL=TCP)(HOST=127.0.0.1)(PORT=1521)))

  VERSION INFORMATION:
	TNS for 32-bit Windows: Version 10.2.0.1.0 - Production
	Windows NT TCP/IP NT Protocol Adapter for 32-bit Windows: Version 10.2.0.1.0 - Production
  Time: 04-SEP-2019 10:21:23
  Tracing not turned on.
  Tns error struct:
    ns main err code: 12541
    TNS-12541: TNS:no listener
    ns secondary err code: 12560
    nt main err code: 511
    TNS-00511: No listener
    nt secondary err code: 61
    nt OS err code: 0


***********************************************************************
Fatal NI connect error 12541, connecting to:
 (DESCRIPTION=(CONNECT_DATA=(SERVICE_NAME=)(CID=(PROGRAM=E:\MANSI DOCUMENTS\MANSI MOBILE SHOP SOFTWARE.exe)(HOST=MANISH-PC)(USER=manish)))(ADDRESS=(PROTOCOL=TCP)(HOST=127.0.0.1)(PORT=1521)))

  VERSION INFORMATION:
	TNS for 32-bit Windows: Version 10.2.0.1.0 - Production
	Windows NT TCP/IP NT Protocol Adapter for 32-bit Windows: Version 10.2.0.1.0 - Production
  Time: 04-SEP-2019 10:56:10
  Tracing not turned on.
  Tns error struct:
    ns main err code: 12541
    TNS-12541: TNS:no listener
    ns secondary err code: 12560
    nt main err code: 511
    TNS-00511: No listener
    nt secondary err code: 61
    nt OS err code: 0
